<?xml version="1.0" encoding="UTF-8"?>
<!-- Generated by org.testng.reporters.JUnitXMLReporter -->
<testsuite ignored="0" hostname="Gauravs-MacBook-Air.local" failures="1" tests="7" name="groupTest" time="45.522" errors="0" timestamp="2026-03-16T17:57:24 IST">
  <testcase classname="testCases.TC002LoginTest" name="verifyLogin" time="7.626"/>
  <testcase classname="testCases.TC001AccountRegistrationTest" name="verifyAccountRegistration" time="8.775"/>
  <testcase classname="testCases.TC003LoginDDT" name="verify_Login_DDT" time="8.403"/>
  <testcase classname="testCases.TC003LoginDDT" name="verify_Login_DDT" time="2.822"/>
  <testcase classname="testCases.TC003LoginDDT" name="verify_Login_DDT" time="2.371">
    <failure type="java.lang.AssertionError" message="null">
      <![CDATA[java.lang.AssertionError: null
at testCases.TC003LoginDDT.verify_Login_DDT(TC003LoginDDT.java:47)
at java.base/java.util.concurrent.Executors$RunnableAdapter.call(Executors.java:539)
at java.base/java.util.concurrent.FutureTask.run(FutureTask.java:264)
at java.base/java.util.concurrent.ThreadPoolExecutor.runWorker(ThreadPoolExecutor.java:1136)
at java.base/java.util.concurrent.ThreadPoolExecutor$Worker.run(ThreadPoolExecutor.java:635)
at java.base/java.lang.Thread.run(Thread.java:833)
... Removed 15 stack frames]]>
    </failure>
  </testcase> <!-- verify_Login_DDT -->
  <testcase classname="testCases.TC003LoginDDT" name="verify_Login_DDT" time="11.806"/>
  <testcase classname="testCases.TC003LoginDDT" name="verify_Login_DDT" time="2.889"/>
</testsuite> <!-- groupTest -->
