<?xml version="1.0" encoding="UTF-8"?>
<testng-results ignored="0" total="2" passed="2" failed="0" skipped="0">
  <reporter-output>
  </reporter-output>
  <suite started-at="2026-03-17T16:19:11 IST" name="MasterSuite" finished-at="2026-03-17T16:19:48 IST" duration-ms="37275">
    <groups>
      <group name="regression">
        <method signature="TC001AccountRegistrationTest.verifyAccountRegistration()[pri:0, instance:testCases.TC001AccountRegistrationTest@47d90b9e]" name="verifyAccountRegistration" class="testCases.TC001AccountRegistrationTest"/>
      </group> <!-- regression -->
      <group name="sanity">
        <method signature="TC002LoginTest.verifyLogin()[pri:0, instance:testCases.TC002LoginTest@6af93788]" name="verifyLogin" class="testCases.TC002LoginTest"/>
      </group> <!-- sanity -->
      <group name="master">
        <method signature="TC001AccountRegistrationTest.verifyAccountRegistration()[pri:0, instance:testCases.TC001AccountRegistrationTest@47d90b9e]" name="verifyAccountRegistration" class="testCases.TC001AccountRegistrationTest"/>
        <method signature="TC002LoginTest.verifyLogin()[pri:0, instance:testCases.TC002LoginTest@6af93788]" name="verifyLogin" class="testCases.TC002LoginTest"/>
      </group> <!-- master -->
    </groups>
    <test started-at="2026-03-17T16:19:11 IST" name="test" finished-at="2026-03-17T16:19:48 IST" duration-ms="37275">
      <class name="testCases.TC002LoginTest">
        <test-method is-config="true" signature="setup(java.lang.String,java.lang.String)[pri:0, instance:testCases.TC002LoginTest@6af93788]" started-at="2026-03-17T16:19:31 IST" name="setup" finished-at="2026-03-17T16:19:42 IST" duration-ms="10528" status="PASS">
          <params>
            <param index="0">
              <value>
                <![CDATA[firefox]]>
              </value>
            </param>
            <param index="1">
              <value>
                <![CDATA[linux]]>
              </value>
            </param>
          </params>
          <reporter-output>
          </reporter-output>
        </test-method> <!-- setup -->
        <test-method signature="verifyLogin()[pri:0, instance:testCases.TC002LoginTest@6af93788]" started-at="2026-03-17T16:19:42 IST" name="verifyLogin" finished-at="2026-03-17T16:19:46 IST" duration-ms="4581" status="PASS">
          <reporter-output>
          </reporter-output>
        </test-method> <!-- verifyLogin -->
        <test-method is-config="true" signature="tearDown()[pri:0, instance:testCases.TC002LoginTest@6af93788]" started-at="2026-03-17T16:19:46 IST" name="tearDown" finished-at="2026-03-17T16:19:48 IST" duration-ms="1819" status="PASS">
          <reporter-output>
          </reporter-output>
        </test-method> <!-- tearDown -->
      </class> <!-- testCases.TC002LoginTest -->
      <class name="testCases.TC001AccountRegistrationTest">
        <test-method is-config="true" signature="setup(java.lang.String,java.lang.String)[pri:0, instance:testCases.TC001AccountRegistrationTest@47d90b9e]" started-at="2026-03-17T16:19:11 IST" name="setup" finished-at="2026-03-17T16:19:25 IST" duration-ms="13654" status="PASS">
          <params>
            <param index="0">
              <value>
                <![CDATA[firefox]]>
              </value>
            </param>
            <param index="1">
              <value>
                <![CDATA[linux]]>
              </value>
            </param>
          </params>
          <reporter-output>
          </reporter-output>
        </test-method> <!-- setup -->
        <test-method signature="verifyAccountRegistration()[pri:0, instance:testCases.TC001AccountRegistrationTest@47d90b9e]" started-at="2026-03-17T16:19:25 IST" name="verifyAccountRegistration" finished-at="2026-03-17T16:19:29 IST" duration-ms="4694" status="PASS">
          <reporter-output>
          </reporter-output>
        </test-method> <!-- verifyAccountRegistration -->
        <test-method is-config="true" signature="tearDown()[pri:0, instance:testCases.TC001AccountRegistrationTest@47d90b9e]" started-at="2026-03-17T16:19:29 IST" name="tearDown" finished-at="2026-03-17T16:19:31 IST" duration-ms="1823" status="PASS">
          <reporter-output>
          </reporter-output>
        </test-method> <!-- tearDown -->
      </class> <!-- testCases.TC001AccountRegistrationTest -->
    </test> <!-- test -->
  </suite> <!-- MasterSuite -->
</testng-results>
