<?xml version="1.0" encoding="UTF-8"?>
<testng-results ignored="0" total="7" passed="6" failed="1" skipped="0">
  <reporter-output>
  </reporter-output>
  <suite started-at="2026-03-16T17:56:38 IST" name="groupingSuite" finished-at="2026-03-16T17:57:23 IST" duration-ms="45522">
    <groups>
      <group name="regression">
        <method signature="TC001AccountRegistrationTest.verifyAccountRegistration()[pri:0, instance:testCases.TC001AccountRegistrationTest@2aa3cd93]" name="verifyAccountRegistration" class="testCases.TC001AccountRegistrationTest"/>
      </group> <!-- regression -->
      <group name="sanity">
        <method signature="TC002LoginTest.verifyLogin()[pri:0, instance:testCases.TC002LoginTest@10db82ae]" name="verifyLogin" class="testCases.TC002LoginTest"/>
      </group> <!-- sanity -->
      <group name="dataDriven">
        <method signature="TC003LoginDDT.verify_Login_DDT(java.lang.String,java.lang.String,java.lang.String)[pri:0, instance:testCases.TC003LoginDDT@501edcf1]" name="verify_Login_DDT" class="testCases.TC003LoginDDT"/>
      </group> <!-- dataDriven -->
      <group name="master">
        <method signature="TC001AccountRegistrationTest.verifyAccountRegistration()[pri:0, instance:testCases.TC001AccountRegistrationTest@2aa3cd93]" name="verifyAccountRegistration" class="testCases.TC001AccountRegistrationTest"/>
        <method signature="TC002LoginTest.verifyLogin()[pri:0, instance:testCases.TC002LoginTest@10db82ae]" name="verifyLogin" class="testCases.TC002LoginTest"/>
        <method signature="TC003LoginDDT.verify_Login_DDT(java.lang.String,java.lang.String,java.lang.String)[pri:0, instance:testCases.TC003LoginDDT@501edcf1]" name="verify_Login_DDT" class="testCases.TC003LoginDDT"/>
      </group> <!-- master -->
    </groups>
    <test started-at="2026-03-16T17:56:38 IST" name="groupTest" finished-at="2026-03-16T17:57:23 IST" duration-ms="45522">
      <class name="testCases.TC002LoginTest">
        <test-method is-config="true" signature="setup(java.lang.String,java.lang.String)[pri:0, instance:testCases.TC002LoginTest@10db82ae]" started-at="2026-03-16T17:56:38 IST" name="setup" finished-at="2026-03-16T17:56:54 IST" duration-ms="15459" status="PASS">
          <params>
            <param index="0">
              <value>
                <![CDATA[chrome]]>
              </value>
            </param>
            <param index="1">
              <value>
                <![CDATA[linux]]>
              </value>
            </param>
          </params>
          <reporter-output>
          </reporter-output>
        </test-method> <!-- setup -->
        <test-method signature="verifyLogin()[pri:0, instance:testCases.TC002LoginTest@10db82ae]" started-at="2026-03-16T17:56:54 IST" name="verifyLogin" finished-at="2026-03-16T17:57:01 IST" duration-ms="7626" status="PASS">
          <reporter-output>
          </reporter-output>
        </test-method> <!-- verifyLogin -->
        <test-method is-config="true" signature="tearDown()[pri:0, instance:testCases.TC002LoginTest@10db82ae]" started-at="2026-03-16T17:57:01 IST" name="tearDown" finished-at="2026-03-16T17:57:02 IST" duration-ms="463" status="PASS">
          <reporter-output>
          </reporter-output>
        </test-method> <!-- tearDown -->
      </class> <!-- testCases.TC002LoginTest -->
      <class name="testCases.TC003LoginDDT">
        <test-method is-config="true" signature="setup(java.lang.String,java.lang.String)[pri:0, instance:testCases.TC003LoginDDT@501edcf1]" started-at="2026-03-16T17:56:38 IST" name="setup" finished-at="2026-03-16T17:56:54 IST" duration-ms="15459" status="PASS">
          <params>
            <param index="0">
              <value>
                <![CDATA[chrome]]>
              </value>
            </param>
            <param index="1">
              <value>
                <![CDATA[linux]]>
              </value>
            </param>
          </params>
          <reporter-output>
          </reporter-output>
        </test-method> <!-- setup -->
        <test-method signature="verify_Login_DDT(java.lang.String,java.lang.String,java.lang.String)[pri:0, instance:testCases.TC003LoginDDT@501edcf1]" started-at="2026-03-16T17:56:55 IST" name="verify_Login_DDT" data-provider="LoginData" finished-at="2026-03-16T17:57:03 IST" duration-ms="8403" status="PASS">
          <params>
            <param index="0">
              <value>
                <![CDATA[gaurav.bohra44@gmail.com]]>
              </value>
            </param>
            <param index="1">
              <value>
                <![CDATA[Framework@26]]>
              </value>
            </param>
            <param index="2">
              <value>
                <![CDATA[Valid]]>
              </value>
            </param>
          </params>
          <reporter-output>
          </reporter-output>
        </test-method> <!-- verify_Login_DDT -->
        <test-method signature="verify_Login_DDT(java.lang.String,java.lang.String,java.lang.String)[pri:0, instance:testCases.TC003LoginDDT@501edcf1]" started-at="2026-03-16T17:57:03 IST" name="verify_Login_DDT" data-provider="LoginData" finished-at="2026-03-16T17:57:06 IST" duration-ms="2822" status="PASS">
          <params>
            <param index="0">
              <value>
                <![CDATA[lakshmi@yahoo.com]]>
              </value>
            </param>
            <param index="1">
              <value>
                <![CDATA[Laxmi]]>
              </value>
            </param>
            <param index="2">
              <value>
                <![CDATA[Valid]]>
              </value>
            </param>
          </params>
          <reporter-output>
          </reporter-output>
        </test-method> <!-- verify_Login_DDT -->
        <test-method signature="verify_Login_DDT(java.lang.String,java.lang.String,java.lang.String)[pri:0, instance:testCases.TC003LoginDDT@501edcf1]" started-at="2026-03-16T17:57:06 IST" name="verify_Login_DDT" data-provider="LoginData" finished-at="2026-03-16T17:57:08 IST" duration-ms="2371" status="FAIL">
          <params>
            <param index="0">
              <value>
                <![CDATA[laksh@yahoo.com]]>
              </value>
            </param>
            <param index="1">
              <value>
                <![CDATA[Lakshmi]]>
              </value>
            </param>
            <param index="2">
              <value>
                <![CDATA[Invalid]]>
              </value>
            </param>
          </params>
          <exception class="java.lang.AssertionError">
            <message>
              <![CDATA[null]]>
            </message>
            <full-stacktrace>
              <![CDATA[java.lang.AssertionError: null
at org.testng.Assert.fail(Assert.java:111)
at org.testng.Assert.fail(Assert.java:116)
at testCases.TC003LoginDDT.verify_Login_DDT(TC003LoginDDT.java:47)
at java.base/jdk.internal.reflect.NativeMethodAccessorImpl.invoke0(Native Method)
at java.base/jdk.internal.reflect.NativeMethodAccessorImpl.invoke(NativeMethodAccessorImpl.java:77)
at java.base/jdk.internal.reflect.DelegatingMethodAccessorImpl.invoke(DelegatingMethodAccessorImpl.java:43)
at java.base/java.lang.reflect.Method.invoke(Method.java:568)
at org.testng.internal.invokers.MethodInvocationHelper.invokeMethod(MethodInvocationHelper.java:141)
at org.testng.internal.invokers.TestInvoker.invokeMethod(TestInvoker.java:687)
at org.testng.internal.invokers.TestInvoker.invokeTestMethod(TestInvoker.java:230)
at org.testng.internal.invokers.MethodRunner.runInSequence(MethodRunner.java:63)
at org.testng.internal.invokers.TestInvoker$MethodInvocationAgent.invoke(TestInvoker.java:995)
at org.testng.internal.invokers.TestInvoker.invokeTestMethods(TestInvoker.java:203)
at org.testng.internal.invokers.TestMethodWorker.invokeTestMethods(TestMethodWorker.java:154)
at org.testng.internal.invokers.TestMethodWorker.run(TestMethodWorker.java:134)
at java.base/java.util.concurrent.Executors$RunnableAdapter.call(Executors.java:539)
at java.base/java.util.concurrent.FutureTask.run(FutureTask.java:264)
at org.testng.internal.thread.graph.TestNGFutureTask.run(TestNGFutureTask.java:22)
at java.base/java.util.concurrent.ThreadPoolExecutor.runWorker(ThreadPoolExecutor.java:1136)
at java.base/java.util.concurrent.ThreadPoolExecutor$Worker.run(ThreadPoolExecutor.java:635)
at java.base/java.lang.Thread.run(Thread.java:833)
]]>
            </full-stacktrace>
          </exception> <!-- java.lang.AssertionError -->
          <reporter-output>
          </reporter-output>
        </test-method> <!-- verify_Login_DDT -->
        <test-method signature="verify_Login_DDT(java.lang.String,java.lang.String,java.lang.String)[pri:0, instance:testCases.TC003LoginDDT@501edcf1]" started-at="2026-03-16T17:57:09 IST" name="verify_Login_DDT" data-provider="LoginData" finished-at="2026-03-16T17:57:20 IST" duration-ms="11806" status="PASS">
          <params>
            <param index="0">
              <value>
                <![CDATA[laks@yahoo.com]]>
              </value>
            </param>
            <param index="1">
              <value>
                <![CDATA[xyz]]>
              </value>
            </param>
            <param index="2">
              <value>
                <![CDATA[Invalid]]>
              </value>
            </param>
          </params>
          <reporter-output>
          </reporter-output>
        </test-method> <!-- verify_Login_DDT -->
        <test-method signature="verify_Login_DDT(java.lang.String,java.lang.String,java.lang.String)[pri:0, instance:testCases.TC003LoginDDT@501edcf1]" started-at="2026-03-16T17:57:20 IST" name="verify_Login_DDT" data-provider="LoginData" finished-at="2026-03-16T17:57:23 IST" duration-ms="2889" status="PASS">
          <params>
            <param index="0">
              <value>
                <![CDATA[abc123@gmail.com]]>
              </value>
            </param>
            <param index="1">
              <value>
                <![CDATA[test@123]]>
              </value>
            </param>
            <param index="2">
              <value>
                <![CDATA[Valid]]>
              </value>
            </param>
          </params>
          <reporter-output>
          </reporter-output>
        </test-method> <!-- verify_Login_DDT -->
        <test-method is-config="true" signature="tearDown()[pri:0, instance:testCases.TC003LoginDDT@501edcf1]" started-at="2026-03-16T17:57:23 IST" name="tearDown" finished-at="2026-03-16T17:57:23 IST" duration-ms="156" status="PASS">
          <reporter-output>
          </reporter-output>
        </test-method> <!-- tearDown -->
      </class> <!-- testCases.TC003LoginDDT -->
      <class name="testCases.TC001AccountRegistrationTest">
        <test-method is-config="true" signature="setup(java.lang.String,java.lang.String)[pri:0, instance:testCases.TC001AccountRegistrationTest@2aa3cd93]" started-at="2026-03-16T17:56:38 IST" name="setup" finished-at="2026-03-16T17:56:54 IST" duration-ms="15548" status="PASS">
          <params>
            <param index="0">
              <value>
                <![CDATA[chrome]]>
              </value>
            </param>
            <param index="1">
              <value>
                <![CDATA[linux]]>
              </value>
            </param>
          </params>
          <reporter-output>
          </reporter-output>
        </test-method> <!-- setup -->
        <test-method signature="verifyAccountRegistration()[pri:0, instance:testCases.TC001AccountRegistrationTest@2aa3cd93]" started-at="2026-03-16T17:56:54 IST" name="verifyAccountRegistration" finished-at="2026-03-16T17:57:02 IST" duration-ms="8775" status="PASS">
          <reporter-output>
          </reporter-output>
        </test-method> <!-- verifyAccountRegistration -->
        <test-method is-config="true" signature="tearDown()[pri:0, instance:testCases.TC001AccountRegistrationTest@2aa3cd93]" started-at="2026-03-16T17:57:02 IST" name="tearDown" finished-at="2026-03-16T17:57:03 IST" duration-ms="277" status="PASS">
          <reporter-output>
          </reporter-output>
        </test-method> <!-- tearDown -->
      </class> <!-- testCases.TC001AccountRegistrationTest -->
    </test> <!-- groupTest -->
  </suite> <!-- groupingSuite -->
</testng-results>
